[2022-06-20T09:43:35.453Z] Log level: Info
[2022-06-20T09:43:35.455Z] [info] Validating found git in: git
[2022-06-20T09:43:35.494Z] [info] Using git 2.25.1 from git
[2022-06-20T09:43:35.520Z] > git rev-parse --show-toplevel [8ms]
[2022-06-20T09:43:35.520Z] fatal: not a git repository (or any of the parent directories): .git
[2022-06-20T09:43:35.538Z] > git rev-parse --show-toplevel [7ms]
[2022-06-20T09:43:35.538Z] fatal: not a git repository (or any of the parent directories): .git
[2022-06-20T09:43:35.546Z] > git rev-parse --show-toplevel [2ms]
[2022-06-20T09:43:35.546Z] fatal: not a git repository (or any of the parent directories): .git
[2022-06-20T09:43:35.553Z] > git rev-parse --show-toplevel [1ms]
[2022-06-20T09:43:35.553Z] fatal: not a git repository (or any of the parent directories): .git
[2022-06-20T09:49:33.275Z] > git init [13ms]
[2022-06-20T09:49:33.868Z] > git rev-parse --show-toplevel [2ms]
[2022-06-20T09:49:33.878Z] > git rev-parse --git-dir --git-common-dir [2ms]
[2022-06-20T09:49:33.885Z] [info] Open repository: /home/rifqi
[2022-06-20T09:49:33.908Z] > git status -z -uall [16ms]
[2022-06-20T09:49:33.913Z] > git symbolic-ref --short HEAD [1ms]
[2022-06-20T09:49:33.919Z] > git for-each-ref --format=%(refname)%00%(upstream:short)%00%(objectname)%00%(upstream:track)%00%(upstream:remotename)%00%(upstream:remoteref) refs/heads/master refs/remotes/master [1ms]
[2022-06-20T09:49:33.931Z] > git remote --verbose [2ms]
[2022-06-20T09:49:33.931Z] > git for-each-ref --sort -committerdate --format %(refname) %(objectname) %(*objectname) [7ms]
[2022-06-20T09:49:34.446Z] > git config --get commit.template [29ms]
[2022-06-20T09:49:35.131Z] > git check-ignore -v -z --stdin [2ms]
[2022-06-20T09:49:37.698Z] > git status -z -uall [14ms]
[2022-06-20T09:49:37.706Z] > git symbolic-ref --short HEAD [1ms]
[2022-06-20T09:49:37.711Z] > git for-each-ref --format=%(refname)%00%(upstream:short)%00%(objectname)%00%(upstream:track)%00%(upstream:remotename)%00%(upstream:remoteref) refs/heads/master refs/remotes/master [1ms]
[2022-06-20T09:49:37.722Z] > git remote --verbose [1ms]
[2022-06-20T09:49:37.722Z] > git for-each-ref --sort -committerdate --format %(refname) %(objectname) %(*objectname) [8ms]
[2022-06-20T09:49:37.755Z] > git config --get commit.template [1ms]
[2022-06-20T09:49:41.396Z] > git check-ignore -v -z --stdin [2ms]
[2022-06-20T09:49:42.774Z] > git status -z -uall [12ms]
[2022-06-20T09:49:42.779Z] > git symbolic-ref --short HEAD [1ms]
[2022-06-20T09:49:42.784Z] > git for-each-ref --format=%(refname)%00%(upstream:short)%00%(objectname)%00%(upstream:track)%00%(upstream:remotename)%00%(upstream:remoteref) refs/heads/master refs/remotes/master [0ms]
[2022-06-20T09:49:42.794Z] > git remote --verbose [1ms]
[2022-06-20T09:49:42.794Z] > git for-each-ref --sort -committerdate --format %(refname) %(objectname) %(*objectname) [5ms]
[2022-06-20T09:49:42.829Z] > git config --get commit.template [8ms]
[2022-06-20T09:49:46.047Z] > git check-ignore -v -z --stdin [3ms]
[2022-06-20T09:49:47.044Z] > git check-ignore -v -z --stdin [2ms]
[2022-06-20T09:49:48.780Z] > git status -z -uall [14ms]
[2022-06-20T09:49:48.787Z] > git symbolic-ref --short HEAD [3ms]
[2022-06-20T09:49:48.792Z] > git for-each-ref --format=%(refname)%00%(upstream:short)%00%(objectname)%00%(upstream:track)%00%(upstream:remotename)%00%(upstream:remoteref) refs/heads/master refs/remotes/master [1ms]
[2022-06-20T09:49:48.801Z] > git remote --verbose [2ms]
[2022-06-20T09:49:48.802Z] > git for-each-ref --sort -committerdate --format %(refname) %(objectname) %(*objectname) [6ms]
[2022-06-20T09:49:48.825Z] > git config --get commit.template [1ms]
[2022-06-20T09:49:53.843Z] > git status -z -uall [10ms]
[2022-06-20T09:49:53.850Z] > git symbolic-ref --short HEAD [2ms]
[2022-06-20T09:49:53.857Z] > git for-each-ref --format=%(refname)%00%(upstream:short)%00%(objectname)%00%(upstream:track)%00%(upstream:remotename)%00%(upstream:remoteref) refs/heads/master refs/remotes/master [0ms]
[2022-06-20T09:49:53.866Z] > git remote --verbose [2ms]
[2022-06-20T09:49:53.866Z] > git for-each-ref --sort -committerdate --format %(refname) %(objectname) %(*objectname) [5ms]
[2022-06-20T09:49:53.891Z] > git config --get commit.template [1ms]
[2022-06-20T09:49:58.920Z] > git status -z -uall [18ms]
[2022-06-20T09:49:58.927Z] > git symbolic-ref --short HEAD [1ms]
[2022-06-20T09:49:58.931Z] > git for-each-ref --format=%(refname)%00%(upstream:short)%00%(objectname)%00%(upstream:track)%00%(upstream:remotename)%00%(upstream:remoteref) refs/heads/master refs/remotes/master [0ms]
[2022-06-20T09:49:58.944Z] > git remote --verbose [1ms]
[2022-06-20T09:49:58.944Z] > git for-each-ref --sort -committerdate --format %(refname) %(objectname) %(*objectname) [5ms]
[2022-06-20T09:49:58.966Z] > git config --get commit.template [1ms]
[2022-06-20T09:50:03.995Z] > git status -z -uall [18ms]
[2022-06-20T09:50:04.002Z] > git symbolic-ref --short HEAD [1ms]
[2022-06-20T09:50:04.010Z] > git for-each-ref --format=%(refname)%00%(upstream:short)%00%(objectname)%00%(upstream:track)%00%(upstream:remotename)%00%(upstream:remoteref) refs/heads/master refs/remotes/master [1ms]
[2022-06-20T09:50:04.020Z] > git remote --verbose [3ms]
[2022-06-20T09:50:04.020Z] > git for-each-ref --sort -committerdate --format %(refname) %(objectname) %(*objectname) [7ms]
[2022-06-20T09:50:04.056Z] > git config --get commit.template [3ms]
[2022-06-20T09:50:08.053Z] > git check-ignore -v -z --stdin [2ms]
[2022-06-20T09:50:43.802Z] > git status -z -uall [12ms]
[2022-06-20T09:50:43.808Z] > git symbolic-ref --short HEAD [1ms]
[2022-06-20T09:50:43.813Z] > git for-each-ref --format=%(refname)%00%(upstream:short)%00%(objectname)%00%(upstream:track)%00%(upstream:remotename)%00%(upstream:remoteref) refs/heads/master refs/remotes/master [1ms]
[2022-06-20T09:50:43.825Z] > git remote --verbose [2ms]
[2022-06-20T09:50:43.825Z] > git for-each-ref --sort -committerdate --format %(refname) %(objectname) %(*objectname) [8ms]
[2022-06-20T09:50:43.848Z] > git config --get commit.template [1ms]
[2022-06-20T09:50:48.875Z] > git status -z -uall [16ms]
[2022-06-20T09:50:48.881Z] > git symbolic-ref --short HEAD [1ms]
[2022-06-20T09:50:48.889Z] > git for-each-ref --format=%(refname)%00%(upstream:short)%00%(objectname)%00%(upstream:track)%00%(upstream:remotename)%00%(upstream:remoteref) refs/heads/master refs/remotes/master [1ms]
[2022-06-20T09:50:48.897Z] > git remote --verbose [1ms]
[2022-06-20T09:50:48.897Z] > git for-each-ref --sort -committerdate --format %(refname) %(objectname) %(*objectname) [4ms]
[2022-06-20T09:50:48.925Z] > git config --get commit.template [4ms]
[2022-06-20T09:50:53.945Z] > git status -z -uall [10ms]
[2022-06-20T09:50:53.951Z] > git symbolic-ref --short HEAD [1ms]
[2022-06-20T09:50:53.957Z] > git for-each-ref --format=%(refname)%00%(upstream:short)%00%(objectname)%00%(upstream:track)%00%(upstream:remotename)%00%(upstream:remoteref) refs/heads/master refs/remotes/master [1ms]
[2022-06-20T09:50:53.966Z] > git remote --verbose [2ms]
[2022-06-20T09:50:53.966Z] > git for-each-ref --sort -committerdate --format %(refname) %(objectname) %(*objectname) [5ms]
[2022-06-20T09:50:54.013Z] > git config --get commit.template [3ms]
[2022-06-20T09:50:59.039Z] > git status -z -uall [15ms]
[2022-06-20T09:50:59.044Z] > git symbolic-ref --short HEAD [1ms]
[2022-06-20T09:50:59.049Z] > git for-each-ref --format=%(refname)%00%(upstream:short)%00%(objectname)%00%(upstream:track)%00%(upstream:remotename)%00%(upstream:remoteref) refs/heads/master refs/remotes/master [0ms]
[2022-06-20T09:50:59.058Z] > git remote --verbose [1ms]
[2022-06-20T09:50:59.058Z] > git for-each-ref --sort -committerdate --format %(refname) %(objectname) %(*objectname) [5ms]
[2022-06-20T09:50:59.078Z] > git config --get commit.template [1ms]
[2022-06-20T09:51:04.103Z] > git status -z -uall [15ms]
[2022-06-20T09:51:04.109Z] > git symbolic-ref --short HEAD [2ms]
[2022-06-20T09:51:04.115Z] > git for-each-ref --format=%(refname)%00%(upstream:short)%00%(objectname)%00%(upstream:track)%00%(upstream:remotename)%00%(upstream:remoteref) refs/heads/master refs/remotes/master [2ms]
[2022-06-20T09:51:04.124Z] > git remote --verbose [1ms]
[2022-06-20T09:51:04.124Z] > git for-each-ref --sort -committerdate --format %(refname) %(objectname) %(*objectname) [5ms]
[2022-06-20T09:51:04.159Z] > git config --get commit.template [3ms]
[2022-06-20T09:51:09.185Z] > git status -z -uall [14ms]
[2022-06-20T09:51:09.191Z] > git symbolic-ref --short HEAD [1ms]
[2022-06-20T09:51:09.196Z] > git for-each-ref --format=%(refname)%00%(upstream:short)%00%(objectname)%00%(upstream:track)%00%(upstream:remotename)%00%(upstream:remoteref) refs/heads/master refs/remotes/master [1ms]
[2022-06-20T09:51:09.205Z] > git remote --verbose [1ms]
[2022-06-20T09:51:09.205Z] > git for-each-ref --sort -committerdate --format %(refname) %(objectname) %(*objectname) [5ms]
[2022-06-20T09:51:09.227Z] > git config --get commit.template [2ms]
[2022-06-20T09:51:14.254Z] > git status -z -uall [16ms]
[2022-06-20T09:51:14.260Z] > git symbolic-ref --short HEAD [1ms]
[2022-06-20T09:51:14.265Z] > git for-each-ref --format=%(refname)%00%(upstream:short)%00%(objectname)%00%(upstream:track)%00%(upstream:remotename)%00%(upstream:remoteref) refs/heads/master refs/remotes/master [1ms]
[2022-06-20T09:51:14.274Z] > git remote --verbose [2ms]
[2022-06-20T09:51:14.274Z] > git for-each-ref --sort -committerdate --format %(refname) %(objectname) %(*objectname) [5ms]
[2022-06-20T09:51:14.308Z] > git config --get commit.template [3ms]
[2022-06-20T09:51:19.336Z] > git status -z -uall [17ms]
[2022-06-20T09:51:19.341Z] > git symbolic-ref --short HEAD [1ms]
[2022-06-20T09:51:19.347Z] > git for-each-ref --format=%(refname)%00%(upstream:short)%00%(objectname)%00%(upstream:track)%00%(upstream:remotename)%00%(upstream:remoteref) refs/heads/master refs/remotes/master [1ms]
[2022-06-20T09:51:19.356Z] > git remote --verbose [1ms]
[2022-06-20T09:51:19.356Z] > git for-each-ref --sort -committerdate --format %(refname) %(objectname) %(*objectname) [5ms]
[2022-06-20T09:51:19.374Z] > git config --get commit.template [1ms]
[2022-06-20T09:51:24.400Z] > git status -z -uall [14ms]
[2022-06-20T09:51:24.405Z] > git symbolic-ref --short HEAD [0ms]
[2022-06-20T09:51:24.411Z] > git for-each-ref --format=%(refname)%00%(upstream:short)%00%(objectname)%00%(upstream:track)%00%(upstream:remotename)%00%(upstream:remoteref) refs/heads/master refs/remotes/master [1ms]
[2022-06-20T09:51:24.420Z] > git remote --verbose [1ms]
[2022-06-20T09:51:24.420Z] > git for-each-ref --sort -committerdate --format %(refname) %(objectname) %(*objectname) [5ms]
[2022-06-20T09:51:24.457Z] > git config --get commit.template [3ms]
[2022-06-20T09:51:30.149Z] > git status -z -uall [10ms]
[2022-06-20T09:51:30.155Z] > git symbolic-ref --short HEAD [1ms]
[2022-06-20T09:51:30.160Z] > git for-each-ref --format=%(refname)%00%(upstream:short)%00%(objectname)%00%(upstream:track)%00%(upstream:remotename)%00%(upstream:remoteref) refs/heads/master refs/remotes/master [1ms]
[2022-06-20T09:51:30.168Z] > git remote --verbose [1ms]
[2022-06-20T09:51:30.168Z] > git for-each-ref --sort -committerdate --format %(refname) %(objectname) %(*objectname) [4ms]
[2022-06-20T09:51:30.190Z] > git config --get commit.template [1ms]
[2022-06-20T09:51:35.222Z] > git status -z -uall [21ms]
[2022-06-20T09:51:35.232Z] > git symbolic-ref --short HEAD [2ms]
[2022-06-20T09:51:35.239Z] > git for-each-ref --format=%(refname)%00%(upstream:short)%00%(objectname)%00%(upstream:track)%00%(upstream:remotename)%00%(upstream:remoteref) refs/heads/master refs/remotes/master [1ms]
[2022-06-20T09:51:35.249Z] > git for-each-ref --sort -committerdate --format %(refname) %(objectname) %(*objectname) [6ms]
[2022-06-20T09:51:35.250Z] > git remote --verbose [3ms]
[2022-06-20T09:51:35.284Z] > git config --get commit.template [4ms]
[2022-06-20T09:51:40.309Z] > git status -z -uall [13ms]
[2022-06-20T09:51:40.315Z] > git symbolic-ref --short HEAD [1ms]
[2022-06-20T09:51:40.323Z] > git for-each-ref --format=%(refname)%00%(upstream:short)%00%(objectname)%00%(upstream:track)%00%(upstream:remotename)%00%(upstream:remoteref) refs/heads/master refs/remotes/master [2ms]
[2022-06-20T09:51:40.333Z] > git remote --verbose [1ms]
[2022-06-20T09:51:40.333Z] > git for-each-ref --sort -committerdate --format %(refname) %(objectname) %(*objectname) [5ms]
[2022-06-20T09:51:40.370Z] > git config --get commit.template [2ms]
[2022-06-20T09:51:45.392Z] > git status -z -uall [11ms]
[2022-06-20T09:51:45.397Z] > git symbolic-ref --short HEAD [1ms]
[2022-06-20T09:51:45.402Z] > git for-each-ref --format=%(refname)%00%(upstream:short)%00%(objectname)%00%(upstream:track)%00%(upstream:remotename)%00%(upstream:remoteref) refs/heads/master refs/remotes/master [1ms]
[2022-06-20T09:51:45.411Z] > git remote --verbose [1ms]
[2022-06-20T09:51:45.411Z] > git for-each-ref --sort -committerdate --format %(refname) %(objectname) %(*objectname) [5ms]
[2022-06-20T09:51:45.431Z] > git config --get commit.template [1ms]
[2022-06-20T09:51:50.458Z] > git status -z -uall [15ms]
[2022-06-20T09:51:50.462Z] > git symbolic-ref --short HEAD [0ms]
[2022-06-20T09:51:50.467Z] > git for-each-ref --format=%(refname)%00%(upstream:short)%00%(objectname)%00%(upstream:track)%00%(upstream:remotename)%00%(upstream:remoteref) refs/heads/master refs/remotes/master [0ms]
[2022-06-20T09:51:50.475Z] > git remote --verbose [1ms]
[2022-06-20T09:51:50.476Z] > git for-each-ref --sort -committerdate --format %(refname) %(objectname) %(*objectname) [5ms]
[2022-06-20T09:51:50.496Z] > git config --get commit.template [1ms]
[2022-06-20T09:51:55.527Z] > git status -z -uall [20ms]
[2022-06-20T09:51:55.535Z] > git symbolic-ref --short HEAD [2ms]
[2022-06-20T09:51:55.542Z] > git for-each-ref --format=%(refname)%00%(upstream:short)%00%(objectname)%00%(upstream:track)%00%(upstream:remotename)%00%(upstream:remoteref) refs/heads/master refs/remotes/master [1ms]
[2022-06-20T09:51:55.553Z] > git remote --verbose [1ms]
[2022-06-20T09:51:55.553Z] > git for-each-ref --sort -committerdate --format %(refname) %(objectname) %(*objectname) [5ms]
[2022-06-20T09:51:55.574Z] > git config --get commit.template [1ms]
[2022-06-20T09:52:00.599Z] > git status -z -uall [9ms]
[2022-06-20T09:52:00.605Z] > git symbolic-ref --short HEAD [1ms]
[2022-06-20T09:52:00.610Z] > git for-each-ref --format=%(refname)%00%(upstream:short)%00%(objectname)%00%(upstream:track)%00%(upstream:remotename)%00%(upstream:remoteref) refs/heads/master refs/remotes/master [1ms]
[2022-06-20T09:52:00.619Z] > git remote --verbose [1ms]
[2022-06-20T09:52:00.619Z] > git for-each-ref --sort -committerdate --format %(refname) %(objectname) %(*objectname) [5ms]
[2022-06-20T09:52:00.639Z] > git config --get commit.template [1ms]
[2022-06-20T09:52:05.668Z] > git status -z -uall [13ms]
[2022-06-20T09:52:05.674Z] > git symbolic-ref --short HEAD [1ms]
[2022-06-20T09:52:05.680Z] > git for-each-ref --format=%(refname)%00%(upstream:short)%00%(objectname)%00%(upstream:track)%00%(upstream:remotename)%00%(upstream:remoteref) refs/heads/master refs/remotes/master [1ms]
[2022-06-20T09:52:05.689Z] > git remote --verbose [1ms]
[2022-06-20T09:52:05.690Z] > git for-each-ref --sort -committerdate --format %(refname) %(objectname) %(*objectname) [5ms]
[2022-06-20T09:52:05.720Z] > git config --get commit.template [2ms]
[2022-06-20T09:52:10.748Z] > git status -z -uall [15ms]
[2022-06-20T09:52:10.753Z] > git symbolic-ref --short HEAD [1ms]
[2022-06-20T09:52:10.760Z] > git for-each-ref --format=%(refname)%00%(upstream:short)%00%(objectname)%00%(upstream:track)%00%(upstream:remotename)%00%(upstream:remoteref) refs/heads/master refs/remotes/master [2ms]
[2022-06-20T09:52:10.769Z] > git remote --verbose [1ms]
[2022-06-20T09:52:10.769Z] > git for-each-ref --sort -committerdate --format %(refname) %(objectname) %(*objectname) [5ms]
[2022-06-20T09:52:10.806Z] > git config --get commit.template [2ms]
[2022-06-20T09:52:15.830Z] > git status -z -uall [14ms]
[2022-06-20T09:52:15.836Z] > git symbolic-ref --short HEAD [0ms]
[2022-06-20T09:52:15.841Z] > git for-each-ref --format=%(refname)%00%(upstream:short)%00%(objectname)%00%(upstream:track)%00%(upstream:remotename)%00%(upstream:remoteref) refs/heads/master refs/remotes/master [0ms]
[2022-06-20T09:52:15.850Z] > git remote --verbose [1ms]
[2022-06-20T09:52:15.850Z] > git for-each-ref --sort -committerdate --format %(refname) %(objectname) %(*objectname) [4ms]
[2022-06-20T09:52:15.870Z] > git config --get commit.template [2ms]
[2022-06-20T09:52:20.896Z] > git status -z -uall [15ms]
[2022-06-20T09:52:20.902Z] > git symbolic-ref --short HEAD [1ms]
[2022-06-20T09:52:20.907Z] > git for-each-ref --format=%(refname)%00%(upstream:short)%00%(objectname)%00%(upstream:track)%00%(upstream:remotename)%00%(upstream:remoteref) refs/heads/master refs/remotes/master [1ms]
[2022-06-20T09:52:20.916Z] > git remote --verbose [1ms]
[2022-06-20T09:52:20.916Z] > git for-each-ref --sort -committerdate --format %(refname) %(objectname) %(*objectname) [5ms]
[2022-06-20T09:52:20.936Z] > git config --get commit.template [0ms]
[2022-06-20T09:52:25.963Z] > git status -z -uall [15ms]
[2022-06-20T09:52:25.968Z] > git symbolic-ref --short HEAD [1ms]
[2022-06-20T09:52:25.973Z] > git for-each-ref --format=%(refname)%00%(upstream:short)%00%(objectname)%00%(upstream:track)%00%(upstream:remotename)%00%(upstream:remoteref) refs/heads/master refs/remotes/master [1ms]
[2022-06-20T09:52:25.981Z] > git remote --verbose [1ms]
[2022-06-20T09:52:25.981Z] > git for-each-ref --sort -committerdate --format %(refname) %(objectname) %(*objectname) [4ms]
[2022-06-20T09:52:26.003Z] > git config --get commit.template [3ms]
[2022-06-20T09:52:31.028Z] > git status -z -uall [13ms]
[2022-06-20T09:52:31.034Z] > git symbolic-ref --short HEAD [1ms]
[2022-06-20T09:52:31.039Z] > git for-each-ref --format=%(refname)%00%(upstream:short)%00%(objectname)%00%(upstream:track)%00%(upstream:remotename)%00%(upstream:remoteref) refs/heads/master refs/remotes/master [1ms]
[2022-06-20T09:52:31.047Z] > git remote --verbose [1ms]
[2022-06-20T09:52:31.048Z] > git for-each-ref --sort -committerdate --format %(refname) %(objectname) %(*objectname) [6ms]
[2022-06-20T09:52:31.067Z] > git config --get commit.template [1ms]
[2022-06-20T09:52:36.093Z] > git status -z -uall [16ms]
[2022-06-20T09:52:36.098Z] > git symbolic-ref --short HEAD [1ms]
[2022-06-20T09:52:36.104Z] > git for-each-ref --format=%(refname)%00%(upstream:short)%00%(objectname)%00%(upstream:track)%00%(upstream:remotename)%00%(upstream:remoteref) refs/heads/master refs/remotes/master [1ms]
[2022-06-20T09:52:36.113Z] > git remote --verbose [2ms]
[2022-06-20T09:52:36.113Z] > git for-each-ref --sort -committerdate --format %(refname) %(objectname) %(*objectname) [6ms]
[2022-06-20T09:52:36.149Z] > git config --get commit.template [5ms]
[2022-06-20T09:52:41.172Z] > git status -z -uall [12ms]
[2022-06-20T09:52:41.178Z] > git symbolic-ref --short HEAD [2ms]
[2022-06-20T09:52:41.182Z] > git for-each-ref --format=%(refname)%00%(upstream:short)%00%(objectname)%00%(upstream:track)%00%(upstream:remotename)%00%(upstream:remoteref) refs/heads/master refs/remotes/master [1ms]
[2022-06-20T09:52:41.191Z] > git remote --verbose [1ms]
[2022-06-20T09:52:41.191Z] > git for-each-ref --sort -committerdate --format %(refname) %(objectname) %(*objectname) [4ms]
[2022-06-20T09:52:41.211Z] > git config --get commit.template [1ms]
[2022-06-20T09:52:46.236Z] > git status -z -uall [15ms]
[2022-06-20T09:52:46.243Z] > git symbolic-ref --short HEAD [2ms]
[2022-06-20T09:52:46.249Z] > git for-each-ref --format=%(refname)%00%(upstream:short)%00%(objectname)%00%(upstream:track)%00%(upstream:remotename)%00%(upstream:remoteref) refs/heads/master refs/remotes/master [2ms]
[2022-06-20T09:52:46.257Z] > git remote --verbose [1ms]
[2022-06-20T09:52:46.257Z] > git for-each-ref --sort -committerdate --format %(refname) %(objectname) %(*objectname) [5ms]
[2022-06-20T09:52:46.293Z] > git config --get commit.template [3ms]
[2022-06-20T09:52:51.321Z] > git status -z -uall [18ms]
[2022-06-20T09:52:51.328Z] > git symbolic-ref --short HEAD [1ms]
[2022-06-20T09:52:51.334Z] > git for-each-ref --format=%(refname)%00%(upstream:short)%00%(objectname)%00%(upstream:track)%00%(upstream:remotename)%00%(upstream:remoteref) refs/heads/master refs/remotes/master [2ms]
[2022-06-20T09:52:51.344Z] > git remote --verbose [1ms]
[2022-06-20T09:52:51.344Z] > git for-each-ref --sort -committerdate --format %(refname) %(objectname) %(*objectname) [6ms]
[2022-06-20T09:52:51.391Z] > git config --get commit.template [8ms]
[2022-06-20T09:52:56.419Z] > git status -z -uall [18ms]
[2022-06-20T09:52:56.425Z] > git symbolic-ref --short HEAD [1ms]
[2022-06-20T09:52:56.430Z] > git for-each-ref --format=%(refname)%00%(upstream:short)%00%(objectname)%00%(upstream:track)%00%(upstream:remotename)%00%(upstream:remoteref) refs/heads/master refs/remotes/master [0ms]
[2022-06-20T09:52:56.439Z] > git remote --verbose [1ms]
[2022-06-20T09:52:56.439Z] > git for-each-ref --sort -committerdate --format %(refname) %(objectname) %(*objectname) [5ms]
[2022-06-20T09:52:56.459Z] > git config --get commit.template [1ms]
[2022-06-20T09:53:01.485Z] > git status -z -uall [15ms]
[2022-06-20T09:53:01.493Z] > git symbolic-ref --short HEAD [1ms]
[2022-06-20T09:53:01.500Z] > git for-each-ref --format=%(refname)%00%(upstream:short)%00%(objectname)%00%(upstream:track)%00%(upstream:remotename)%00%(upstream:remoteref) refs/heads/master refs/remotes/master [1ms]
[2022-06-20T09:53:01.510Z] > git for-each-ref --sort -committerdate --format %(refname) %(objectname) %(*objectname) [5ms]
[2022-06-20T09:53:01.510Z] > git remote --verbose [1ms]
[2022-06-20T09:53:01.530Z] > git config --get commit.template [1ms]
[2022-06-20T09:53:06.555Z] > git status -z -uall [14ms]
[2022-06-20T09:53:06.561Z] > git symbolic-ref --short HEAD [0ms]
[2022-06-20T09:53:06.566Z] > git for-each-ref --format=%(refname)%00%(upstream:short)%00%(objectname)%00%(upstream:track)%00%(upstream:remotename)%00%(upstream:remoteref) refs/heads/master refs/remotes/master [1ms]
[2022-06-20T09:53:06.574Z] > git remote --verbose [1ms]
[2022-06-20T09:53:06.575Z] > git for-each-ref --sort -committerdate --format %(refname) %(objectname) %(*objectname) [6ms]
[2022-06-20T09:53:06.599Z] > git config --get commit.template [4ms]
[2022-06-20T09:53:11.625Z] > git status -z -uall [15ms]
[2022-06-20T09:53:11.630Z] > git symbolic-ref --short HEAD [1ms]
[2022-06-20T09:53:11.635Z] > git for-each-ref --format=%(refname)%00%(upstream:short)%00%(objectname)%00%(upstream:track)%00%(upstream:remotename)%00%(upstream:remoteref) refs/heads/master refs/remotes/master [1ms]
[2022-06-20T09:53:11.644Z] > git remote --verbose [1ms]
[2022-06-20T09:53:11.644Z] > git for-each-ref --sort -committerdate --format %(refname) %(objectname) %(*objectname) [5ms]
[2022-06-20T09:53:11.664Z] > git config --get commit.template [1ms]
[2022-06-20T09:53:16.690Z] > git status -z -uall [16ms]
[2022-06-20T09:53:16.695Z] > git symbolic-ref --short HEAD [1ms]
[2022-06-20T09:53:16.702Z] > git for-each-ref --format=%(refname)%00%(upstream:short)%00%(objectname)%00%(upstream:track)%00%(upstream:remotename)%00%(upstream:remoteref) refs/heads/master refs/remotes/master [1ms]
[2022-06-20T09:53:16.711Z] > git remote --verbose [2ms]
[2022-06-20T09:53:16.711Z] > git for-each-ref --sort -committerdate --format %(refname) %(objectname) %(*objectname) [5ms]
[2022-06-20T09:53:16.743Z] > git config --get commit.template [3ms]
[2022-06-20T09:53:21.773Z] > git status -z -uall [20ms]
[2022-06-20T09:53:21.778Z] > git symbolic-ref --short HEAD [1ms]
[2022-06-20T09:53:21.784Z] > git for-each-ref --format=%(refname)%00%(upstream:short)%00%(objectname)%00%(upstream:track)%00%(upstream:remotename)%00%(upstream:remoteref) refs/heads/master refs/remotes/master [2ms]
[2022-06-20T09:53:21.793Z] > git remote --verbose [1ms]
[2022-06-20T09:53:21.793Z] > git for-each-ref --sort -committerdate --format %(refname) %(objectname) %(*objectname) [5ms]
[2022-06-20T09:53:21.821Z] > git config --get commit.template [2ms]
[2022-06-20T09:53:26.853Z] > git status -z -uall [19ms]
[2022-06-20T09:53:26.861Z] > git symbolic-ref --short HEAD [1ms]
[2022-06-20T09:53:26.866Z] > git for-each-ref --format=%(refname)%00%(upstream:short)%00%(objectname)%00%(upstream:track)%00%(upstream:remotename)%00%(upstream:remoteref) refs/heads/master refs/remotes/master [0ms]
[2022-06-20T09:53:26.874Z] > git remote --verbose [1ms]
[2022-06-20T09:53:26.875Z] > git for-each-ref --sort -committerdate --format %(refname) %(objectname) %(*objectname) [5ms]
[2022-06-20T09:53:26.894Z] > git config --get commit.template [1ms]
[2022-06-20T09:53:31.918Z] > git status -z -uall [13ms]
[2022-06-20T09:53:31.923Z] > git symbolic-ref --short HEAD [1ms]
[2022-06-20T09:53:31.929Z] > git for-each-ref --format=%(refname)%00%(upstream:short)%00%(objectname)%00%(upstream:track)%00%(upstream:remotename)%00%(upstream:remoteref) refs/heads/master refs/remotes/master [1ms]
[2022-06-20T09:53:31.937Z] > git remote --verbose [1ms]
[2022-06-20T09:53:31.938Z] > git for-each-ref --sort -committerdate --format %(refname) %(objectname) %(*objectname) [5ms]
[2022-06-20T09:53:31.959Z] > git config --get commit.template [1ms]
[2022-06-20T09:53:36.982Z] > git status -z -uall [11ms]
[2022-06-20T09:53:36.988Z] > git symbolic-ref --short HEAD [1ms]
[2022-06-20T09:53:36.993Z] > git for-each-ref --format=%(refname)%00%(upstream:short)%00%(objectname)%00%(upstream:track)%00%(upstream:remotename)%00%(upstream:remoteref) refs/heads/master refs/remotes/master [0ms]
[2022-06-20T09:53:37.002Z] > git remote --verbose [1ms]
[2022-06-20T09:53:37.002Z] > git for-each-ref --sort -committerdate --format %(refname) %(objectname) %(*objectname) [5ms]
[2022-06-20T09:53:37.025Z] > git config --get commit.template [3ms]
[2022-06-20T09:53:42.048Z] > git status -z -uall [11ms]
[2022-06-20T09:53:42.056Z] > git symbolic-ref --short HEAD [1ms]
[2022-06-20T09:53:42.066Z] > git for-each-ref --format=%(refname)%00%(upstream:short)%00%(objectname)%00%(upstream:track)%00%(upstream:remotename)%00%(upstream:remoteref) refs/heads/master refs/remotes/master [4ms]
[2022-06-20T09:53:42.083Z] > git remote --verbose [4ms]
[2022-06-20T09:53:42.084Z] > git for-each-ref --sort -committerdate --format %(refname) %(objectname) %(*objectname) [11ms]
[2022-06-20T09:53:42.138Z] > git config --get commit.template [3ms]
[2022-06-20T09:53:47.158Z] > git status -z -uall [12ms]
[2022-06-20T09:53:47.164Z] > git symbolic-ref --short HEAD [1ms]
[2022-06-20T09:53:47.172Z] > git for-each-ref --format=%(refname)%00%(upstream:short)%00%(objectname)%00%(upstream:track)%00%(upstream:remotename)%00%(upstream:remoteref) refs/heads/master refs/remotes/master [1ms]
[2022-06-20T09:53:47.182Z] > git remote --verbose [1ms]
[2022-06-20T09:53:47.183Z] > git for-each-ref --sort -committerdate --format %(refname) %(objectname) %(*objectname) [7ms]
[2022-06-20T09:53:47.207Z] > git config --get commit.template [0ms]
[2022-06-20T09:53:52.229Z] > git status -z -uall [9ms]
[2022-06-20T09:53:52.236Z] > git symbolic-ref --short HEAD [1ms]
[2022-06-20T09:53:52.241Z] > git for-each-ref --format=%(refname)%00%(upstream:short)%00%(objectname)%00%(upstream:track)%00%(upstream:remotename)%00%(upstream:remoteref) refs/heads/master refs/remotes/master [1ms]
[2022-06-20T09:53:52.253Z] > git remote --verbose [1ms]
[2022-06-20T09:53:52.253Z] > git for-each-ref --sort -committerdate --format %(refname) %(objectname) %(*objectname) [8ms]
[2022-06-20T09:53:52.276Z] > git config --get commit.template [1ms]
[2022-06-20T09:53:57.301Z] > git status -z -uall [12ms]
[2022-06-20T09:53:57.306Z] > git symbolic-ref --short HEAD [1ms]
[2022-06-20T09:53:57.312Z] > git for-each-ref --format=%(refname)%00%(upstream:short)%00%(objectname)%00%(upstream:track)%00%(upstream:remotename)%00%(upstream:remoteref) refs/heads/master refs/remotes/master [1ms]
[2022-06-20T09:53:57.321Z] > git remote --verbose [1ms]
[2022-06-20T09:53:57.321Z] > git for-each-ref --sort -committerdate --format %(refname) %(objectname) %(*objectname) [5ms]
[2022-06-20T09:53:57.344Z] > git config --get commit.template [1ms]
[2022-06-20T09:54:02.370Z] > git status -z -uall [15ms]
[2022-06-20T09:54:02.377Z] > git symbolic-ref --short HEAD [1ms]
[2022-06-20T09:54:02.383Z] > git for-each-ref --format=%(refname)%00%(upstream:short)%00%(objectname)%00%(upstream:track)%00%(upstream:remotename)%00%(upstream:remoteref) refs/heads/master refs/remotes/master [1ms]
[2022-06-20T09:54:02.391Z] > git remote --verbose [1ms]
[2022-06-20T09:54:02.391Z] > git for-each-ref --sort -committerdate --format %(refname) %(objectname) %(*objectname) [4ms]
[2022-06-20T09:54:02.410Z] > git config --get commit.template [0ms]
[2022-06-20T09:54:07.441Z] > git status -z -uall [21ms]
[2022-06-20T09:54:07.448Z] > git symbolic-ref --short HEAD [1ms]
[2022-06-20T09:54:07.454Z] > git for-each-ref --format=%(refname)%00%(upstream:short)%00%(objectname)%00%(upstream:track)%00%(upstream:remotename)%00%(upstream:remoteref) refs/heads/master refs/remotes/master [1ms]
[2022-06-20T09:54:07.462Z] > git remote --verbose [1ms]
[2022-06-20T09:54:07.462Z] > git for-each-ref --sort -committerdate --format %(refname) %(objectname) %(*objectname) [5ms]
[2022-06-20T09:54:07.497Z] > git config --get commit.template [2ms]
[2022-06-20T09:54:12.524Z] > git status -z -uall [14ms]
[2022-06-20T09:54:12.529Z] > git symbolic-ref --short HEAD [1ms]
[2022-06-20T09:54:12.535Z] > git for-each-ref --format=%(refname)%00%(upstream:short)%00%(objectname)%00%(upstream:track)%00%(upstream:remotename)%00%(upstream:remoteref) refs/heads/master refs/remotes/master [1ms]
[2022-06-20T09:54:12.544Z] > git remote --verbose [1ms]
[2022-06-20T09:54:12.544Z] > git for-each-ref --sort -committerdate --format %(refname) %(objectname) %(*objectname) [5ms]
[2022-06-20T09:54:12.575Z] > git config --get commit.template [4ms]
[2022-06-20T09:54:17.600Z] > git status -z -uall [15ms]
[2022-06-20T09:54:17.605Z] > git symbolic-ref --short HEAD [1ms]
[2022-06-20T09:54:17.610Z] > git for-each-ref --format=%(refname)%00%(upstream:short)%00%(objectname)%00%(upstream:track)%00%(upstream:remotename)%00%(upstream:remoteref) refs/heads/master refs/remotes/master [1ms]
[2022-06-20T09:54:17.618Z] > git remote --verbose [1ms]
[2022-06-20T09:54:17.618Z] > git for-each-ref --sort -committerdate --format %(refname) %(objectname) %(*objectname) [4ms]
[2022-06-20T09:54:17.640Z] > git config --get commit.template [1ms]
[2022-06-20T09:54:22.660Z] > git status -z -uall [10ms]
[2022-06-20T09:54:22.665Z] > git symbolic-ref --short HEAD [1ms]
[2022-06-20T09:54:22.671Z] > git for-each-ref --format=%(refname)%00%(upstream:short)%00%(objectname)%00%(upstream:track)%00%(upstream:remotename)%00%(upstream:remoteref) refs/heads/master refs/remotes/master [1ms]
[2022-06-20T09:54:22.679Z] > git remote --verbose [1ms]
[2022-06-20T09:54:22.679Z] > git for-each-ref --sort -committerdate --format %(refname) %(objectname) %(*objectname) [5ms]
[2022-06-20T09:54:22.699Z] > git config --get commit.template [1ms]
[2022-06-20T09:54:27.725Z] > git status -z -uall [13ms]
[2022-06-20T09:54:27.731Z] > git symbolic-ref --short HEAD [1ms]
[2022-06-20T09:54:27.737Z] > git for-each-ref --format=%(refname)%00%(upstream:short)%00%(objectname)%00%(upstream:track)%00%(upstream:remotename)%00%(upstream:remoteref) refs/heads/master refs/remotes/master [1ms]
[2022-06-20T09:54:27.746Z] > git remote --verbose [0ms]
[2022-06-20T09:54:27.747Z] > git for-each-ref --sort -committerdate --format %(refname) %(objectname) %(*objectname) [5ms]
[2022-06-20T09:54:27.770Z] > git config --get commit.template [4ms]
[2022-06-20T09:54:32.800Z] > git status -z -uall [18ms]
[2022-06-20T09:54:32.807Z] > git symbolic-ref --short HEAD [1ms]
[2022-06-20T09:54:32.814Z] > git for-each-ref --format=%(refname)%00%(upstream:short)%00%(objectname)%00%(upstream:track)%00%(upstream:remotename)%00%(upstream:remoteref) refs/heads/master refs/remotes/master [2ms]
[2022-06-20T09:54:32.823Z] > git remote --verbose [1ms]
[2022-06-20T09:54:32.823Z] > git for-each-ref --sort -committerdate --format %(refname) %(objectname) %(*objectname) [5ms]
[2022-06-20T09:54:32.863Z] > git config --get commit.template [4ms]
[2022-06-20T09:54:37.885Z] > git status -z -uall [11ms]
[2022-06-20T09:54:37.891Z] > git symbolic-ref --short HEAD [1ms]
[2022-06-20T09:54:37.896Z] > git for-each-ref --format=%(refname)%00%(upstream:short)%00%(objectname)%00%(upstream:track)%00%(upstream:remotename)%00%(upstream:remoteref) refs/heads/master refs/remotes/master [0ms]
[2022-06-20T09:54:37.905Z] > git remote --verbose [1ms]
[2022-06-20T09:54:37.906Z] > git for-each-ref --sort -committerdate --format %(refname) %(objectname) %(*objectname) [6ms]
[2022-06-20T09:54:37.926Z] > git config --get commit.template [1ms]
[2022-06-20T09:54:42.950Z] > git status -z -uall [11ms]
[2022-06-20T09:54:42.955Z] > git symbolic-ref --short HEAD [1ms]
[2022-06-20T09:54:42.961Z] > git for-each-ref --format=%(refname)%00%(upstream:short)%00%(objectname)%00%(upstream:track)%00%(upstream:remotename)%00%(upstream:remoteref) refs/heads/master refs/remotes/master [1ms]
[2022-06-20T09:54:42.969Z] > git remote --verbose [0ms]
[2022-06-20T09:54:42.970Z] > git for-each-ref --sort -committerdate --format %(refname) %(objectname) %(*objectname) [5ms]
[2022-06-20T09:54:42.989Z] > git config --get commit.template [1ms]
[2022-06-20T09:54:48.015Z] > git status -z -uall [14ms]
[2022-06-20T09:54:48.021Z] > git symbolic-ref --short HEAD [1ms]
[2022-06-20T09:54:48.028Z] > git for-each-ref --format=%(refname)%00%(upstream:short)%00%(objectname)%00%(upstream:track)%00%(upstream:remotename)%00%(upstream:remoteref) refs/heads/master refs/remotes/master [1ms]
[2022-06-20T09:54:48.038Z] > git remote --verbose [1ms]
[2022-06-20T09:54:48.038Z] > git for-each-ref --sort -committerdate --format %(refname) %(objectname) %(*objectname) [5ms]
[2022-06-20T09:54:48.059Z] > git config --get commit.template [1ms]
[2022-06-20T09:54:53.082Z] > git status -z -uall [12ms]
[2022-06-20T09:54:53.087Z] > git symbolic-ref --short HEAD [1ms]
[2022-06-20T09:54:53.092Z] > git for-each-ref --format=%(refname)%00%(upstream:short)%00%(objectname)%00%(upstream:track)%00%(upstream:remotename)%00%(upstream:remoteref) refs/heads/master refs/remotes/master [1ms]
[2022-06-20T09:54:53.100Z] > git remote --verbose [1ms]
[2022-06-20T09:54:53.100Z] > git for-each-ref --sort -committerdate --format %(refname) %(objectname) %(*objectname) [5ms]
[2022-06-20T09:54:53.121Z] > git config --get commit.template [2ms]
[2022-06-20T11:34:10.465Z] > git status -z -uall [101ms]
[2022-06-20T11:34:10.476Z] > git symbolic-ref --short HEAD [2ms]
[2022-06-20T11:34:10.485Z] > git for-each-ref --format=%(refname)%00%(upstream:short)%00%(objectname)%00%(upstream:track)%00%(upstream:remotename)%00%(upstream:remoteref) refs/heads/master refs/remotes/master [1ms]
[2022-06-20T11:34:10.519Z] > git remote --verbose [2ms]
[2022-06-20T11:34:10.519Z] > git for-each-ref --sort -committerdate --format %(refname) %(objectname) %(*objectname) [16ms]
[2022-06-20T11:34:10.630Z] > git config --get commit.template [1ms]
[2022-06-20T11:34:15.664Z] > git status -z -uall [19ms]
[2022-06-20T11:34:15.671Z] > git symbolic-ref --short HEAD [1ms]
[2022-06-20T11:34:15.678Z] > git for-each-ref --format=%(refname)%00%(upstream:short)%00%(objectname)%00%(upstream:track)%00%(upstream:remotename)%00%(upstream:remoteref) refs/heads/master refs/remotes/master [1ms]
[2022-06-20T11:34:15.695Z] > git remote --verbose [1ms]
[2022-06-20T11:34:15.696Z] > git for-each-ref --sort -committerdate --format %(refname) %(objectname) %(*objectname) [11ms]
[2022-06-20T11:34:15.728Z] > git config --get commit.template [2ms]
[2022-06-20T11:34:20.746Z] > git status -z -uall [10ms]
[2022-06-20T11:34:20.750Z] > git symbolic-ref --short HEAD [1ms]
[2022-06-20T11:34:20.756Z] > git for-each-ref --format=%(refname)%00%(upstream:short)%00%(objectname)%00%(upstream:track)%00%(upstream:remotename)%00%(upstream:remoteref) refs/heads/master refs/remotes/master [1ms]
[2022-06-20T11:34:20.765Z] > git remote --verbose [1ms]
[2022-06-20T11:34:20.766Z] > git for-each-ref --sort -committerdate --format %(refname) %(objectname) %(*objectname) [6ms]
[2022-06-20T11:34:20.790Z] > git config --get commit.template [1ms]
[2022-06-20T11:34:25.805Z] > git status -z -uall [9ms]
[2022-06-20T11:34:25.809Z] > git symbolic-ref --short HEAD [0ms]
[2022-06-20T11:34:25.814Z] > git for-each-ref --format=%(refname)%00%(upstream:short)%00%(objectname)%00%(upstream:track)%00%(upstream:remotename)%00%(upstream:remoteref) refs/heads/master refs/remotes/master [1ms]
[2022-06-20T11:34:25.821Z] > git for-each-ref --sort -committerdate --format %(refname) %(objectname) %(*objectname) [4ms]
[2022-06-20T11:34:25.822Z] > git remote --verbose [1ms]
[2022-06-20T11:34:25.841Z] > git config --get commit.template [0ms]
[2022-06-20T11:36:27.082Z] > git status -z -uall [17ms]
[2022-06-20T11:36:27.089Z] > git symbolic-ref --short HEAD [1ms]
[2022-06-20T11:36:27.100Z] > git for-each-ref --format=%(refname)%00%(upstream:short)%00%(objectname)%00%(upstream:track)%00%(upstream:remotename)%00%(upstream:remoteref) refs/heads/master refs/remotes/master [2ms]
[2022-06-20T11:36:27.114Z] > git remote --verbose [2ms]
[2022-06-20T11:36:27.115Z] > git for-each-ref --sort -committerdate --format %(refname) %(objectname) %(*objectname) [8ms]
[2022-06-20T11:36:27.152Z] > git config --get commit.template [1ms]
[2022-06-20T11:36:32.176Z] > git status -z -uall [16ms]
[2022-06-20T11:36:32.185Z] > git symbolic-ref --short HEAD [2ms]
[2022-06-20T11:36:32.195Z] > git for-each-ref --format=%(refname)%00%(upstream:short)%00%(objectname)%00%(upstream:track)%00%(upstream:remotename)%00%(upstream:remoteref) refs/heads/master refs/remotes/master [5ms]
[2022-06-20T11:36:32.210Z] > git for-each-ref --sort -committerdate --format %(refname) %(objectname) %(*objectname) [10ms]
[2022-06-20T11:36:32.212Z] > git remote --verbose [6ms]
[2022-06-20T11:36:32.298Z] > git config --get commit.template [16ms]
[2022-06-20T11:36:37.331Z] > git status -z -uall [21ms]
[2022-06-20T11:36:37.337Z] > git symbolic-ref --short HEAD [1ms]
[2022-06-20T11:36:37.343Z] > git for-each-ref --format=%(refname)%00%(upstream:short)%00%(objectname)%00%(upstream:track)%00%(upstream:remotename)%00%(upstream:remoteref) refs/heads/master refs/remotes/master [1ms]
[2022-06-20T11:36:37.353Z] > git remote --verbose [1ms]
[2022-06-20T11:36:37.353Z] > git for-each-ref --sort -committerdate --format %(refname) %(objectname) %(*objectname) [5ms]
[2022-06-20T11:36:37.380Z] > git config --get commit.template [1ms]
