[2022-06-20T14:21:09.600Z] Log level: Info
[2022-06-20T14:21:09.602Z] [info] Validating found git in: git
[2022-06-20T14:21:09.655Z] [info] Using git 2.25.1 from git
[2022-06-20T14:21:09.770Z] > git rev-parse --show-toplevel [32ms]
[2022-06-20T14:21:09.812Z] > git rev-parse --git-dir --git-common-dir [24ms]
[2022-06-20T14:21:09.817Z] [info] Open repository: /home/rifqi/Project/Binar
[2022-06-20T14:21:09.850Z] > git status -z -uall [22ms]
[2022-06-20T14:21:09.867Z] > git symbolic-ref --short HEAD [4ms]
[2022-06-20T14:21:09.886Z] > git for-each-ref --format=%(refname)%00%(upstream:short)%00%(objectname)%00%(upstream:track)%00%(upstream:remotename)%00%(upstream:remoteref) refs/heads/master refs/remotes/master [2ms]
[2022-06-20T14:21:09.904Z] > git for-each-ref --sort -committerdate --format %(refname) %(objectname) %(*objectname) [5ms]
[2022-06-20T14:21:09.905Z] > git remote --verbose [2ms]
[2022-06-20T14:21:09.921Z] > git config --get commit.template [1ms]
[2022-06-20T14:21:10.376Z] > git check-ignore -v -z --stdin [1ms]
[2022-06-20T16:02:18.356Z] > git show --textconv :index.html [62ms]
[2022-06-20T16:02:18.357Z] > git ls-files --stage -- /home/rifqi/Project/Binar/index.html [41ms]
[2022-06-20T16:02:18.380Z] > git cat-file -s cde347ba9bc191bfe7433607594fc179c4c4037c [3ms]
[2022-06-20T16:02:58.460Z] > git status -z -uall [14ms]
[2022-06-20T16:02:58.470Z] > git symbolic-ref --short HEAD [1ms]
[2022-06-20T16:02:58.479Z] > git for-each-ref --format=%(refname)%00%(upstream:short)%00%(objectname)%00%(upstream:track)%00%(upstream:remotename)%00%(upstream:remoteref) refs/heads/master refs/remotes/master [2ms]
[2022-06-20T16:02:58.505Z] > git remote --verbose [2ms]
[2022-06-20T16:02:58.505Z] > git for-each-ref --sort -committerdate --format %(refname) %(objectname) %(*objectname) [15ms]
[2022-06-20T16:02:58.516Z] > git config --get commit.template [1ms]
[2022-06-20T16:07:40.404Z] > git status -z -uall [4ms]
[2022-06-20T16:07:40.412Z] > git symbolic-ref --short HEAD [1ms]
[2022-06-20T16:07:40.419Z] > git for-each-ref --format=%(refname)%00%(upstream:short)%00%(objectname)%00%(upstream:track)%00%(upstream:remotename)%00%(upstream:remoteref) refs/heads/master refs/remotes/master [1ms]
[2022-06-20T16:07:40.462Z] > git remote --verbose [18ms]
[2022-06-20T16:07:40.462Z] > git for-each-ref --sort -committerdate --format %(refname) %(objectname) %(*objectname) [37ms]
[2022-06-20T16:07:40.483Z] > git ls-files --stage -- /home/rifqi/Project/Binar/index.html [22ms]
[2022-06-20T16:07:40.499Z] > git config --get commit.template [16ms]
[2022-06-20T16:07:40.500Z] > git cat-file -s 2ea57883d6def8b0b0540da19fd7b44f8b3f822d [2ms]
[2022-06-20T16:07:40.515Z] > git show --textconv :index.html [1ms]
[2022-06-20T16:07:45.507Z] > git status -z -uall [1ms]
[2022-06-20T16:07:45.513Z] > git symbolic-ref --short HEAD [2ms]
[2022-06-20T16:07:45.518Z] > git for-each-ref --format=%(refname)%00%(upstream:short)%00%(objectname)%00%(upstream:track)%00%(upstream:remotename)%00%(upstream:remoteref) refs/heads/master refs/remotes/master [1ms]
[2022-06-20T16:07:45.528Z] > git remote --verbose [1ms]
[2022-06-20T16:07:45.529Z] > git for-each-ref --sort -committerdate --format %(refname) %(objectname) %(*objectname) [7ms]
[2022-06-20T16:07:45.534Z] > git config --get commit.template [1ms]
[2022-06-20T16:11:12.250Z] > git show --textconv :index.html [10ms]
[2022-06-20T16:11:12.250Z] > git ls-files --stage -- /home/rifqi/Project/Binar/index.html [2ms]
[2022-06-20T16:11:12.256Z] > git cat-file -s 2ea57883d6def8b0b0540da19fd7b44f8b3f822d [1ms]
