[2022-06-21T07:33:57.023Z] Log level: Info
[2022-06-21T07:33:57.025Z] [info] Validating found git in: git
[2022-06-21T07:33:57.056Z] [info] Using git 2.25.1 from git
[2022-06-21T07:33:57.288Z] > git rev-parse --show-toplevel [221ms]
[2022-06-21T07:33:57.308Z] > git rev-parse --git-dir --git-common-dir [15ms]
[2022-06-21T07:33:57.311Z] [info] Open repository: /home/rifqi
[2022-06-21T07:33:57.358Z] > git status -z -uall [42ms]
[2022-06-21T07:33:57.372Z] > git symbolic-ref --short HEAD [11ms]
[2022-06-21T07:33:57.377Z] > git for-each-ref --format=%(refname)%00%(upstream:short)%00%(objectname)%00%(upstream:track)%00%(upstream:remotename)%00%(upstream:remoteref) refs/heads/master refs/remotes/master [2ms]
[2022-06-21T07:33:57.386Z] > git remote --verbose [1ms]
[2022-06-21T07:33:57.387Z] > git for-each-ref --sort -committerdate --format %(refname) %(objectname) %(*objectname) [4ms]
[2022-06-21T07:33:58.033Z] > git check-ignore -v -z --stdin [12ms]
[2022-06-21T07:33:58.035Z] > git config --get commit.template [52ms]
[2022-06-21T07:35:02.709Z] > git status -z -uall [22ms]
[2022-06-21T07:35:02.714Z] > git symbolic-ref --short HEAD [1ms]
[2022-06-21T07:35:02.721Z] > git for-each-ref --format=%(refname)%00%(upstream:short)%00%(objectname)%00%(upstream:track)%00%(upstream:remotename)%00%(upstream:remoteref) refs/heads/master refs/remotes/master [1ms]
[2022-06-21T07:35:02.730Z] > git remote --verbose [2ms]
[2022-06-21T07:35:02.730Z] > git for-each-ref --sort -committerdate --format %(refname) %(objectname) %(*objectname) [5ms]
[2022-06-21T07:35:02.767Z] > git config --get commit.template [0ms]
[2022-06-21T07:35:07.786Z] > git status -z -uall [12ms]
[2022-06-21T07:35:07.790Z] > git symbolic-ref --short HEAD [1ms]
[2022-06-21T07:35:07.794Z] > git for-each-ref --format=%(refname)%00%(upstream:short)%00%(objectname)%00%(upstream:track)%00%(upstream:remotename)%00%(upstream:remoteref) refs/heads/master refs/remotes/master [1ms]
[2022-06-21T07:35:07.800Z] > git remote --verbose [1ms]
[2022-06-21T07:35:07.800Z] > git for-each-ref --sort -committerdate --format %(refname) %(objectname) %(*objectname) [3ms]
[2022-06-21T07:35:07.825Z] > git config --get commit.template [0ms]
[2022-06-21T07:35:12.844Z] > git status -z -uall [10ms]
[2022-06-21T07:35:12.848Z] > git symbolic-ref --short HEAD [0ms]
[2022-06-21T07:35:12.853Z] > git for-each-ref --format=%(refname)%00%(upstream:short)%00%(objectname)%00%(upstream:track)%00%(upstream:remotename)%00%(upstream:remoteref) refs/heads/master refs/remotes/master [1ms]
[2022-06-21T07:35:12.859Z] > git remote --verbose [1ms]
[2022-06-21T07:35:12.859Z] > git for-each-ref --sort -committerdate --format %(refname) %(objectname) %(*objectname) [3ms]
[2022-06-21T07:35:12.882Z] > git config --get commit.template [0ms]
[2022-06-21T07:35:17.903Z] > git status -z -uall [11ms]
[2022-06-21T07:35:17.907Z] > git symbolic-ref --short HEAD [0ms]
[2022-06-21T07:35:17.911Z] > git for-each-ref --format=%(refname)%00%(upstream:short)%00%(objectname)%00%(upstream:track)%00%(upstream:remotename)%00%(upstream:remoteref) refs/heads/master refs/remotes/master [0ms]
[2022-06-21T07:35:17.917Z] > git remote --verbose [0ms]
[2022-06-21T07:35:17.918Z] > git for-each-ref --sort -committerdate --format %(refname) %(objectname) %(*objectname) [4ms]
[2022-06-21T07:35:17.940Z] > git config --get commit.template [0ms]
[2022-06-21T07:35:22.966Z] > git status -z -uall [16ms]
[2022-06-21T07:35:22.970Z] > git symbolic-ref --short HEAD [1ms]
[2022-06-21T07:35:22.976Z] > git for-each-ref --format=%(refname)%00%(upstream:short)%00%(objectname)%00%(upstream:track)%00%(upstream:remotename)%00%(upstream:remoteref) refs/heads/master refs/remotes/master [1ms]
[2022-06-21T07:35:22.985Z] > git remote --verbose [2ms]
[2022-06-21T07:35:22.985Z] > git for-each-ref --sort -committerdate --format %(refname) %(objectname) %(*objectname) [5ms]
[2022-06-21T07:35:23.045Z] > git config --get commit.template [3ms]
[2022-06-21T07:35:28.065Z] > git status -z -uall [11ms]
[2022-06-21T07:35:28.069Z] > git symbolic-ref --short HEAD [0ms]
[2022-06-21T07:35:28.074Z] > git for-each-ref --format=%(refname)%00%(upstream:short)%00%(objectname)%00%(upstream:track)%00%(upstream:remotename)%00%(upstream:remoteref) refs/heads/master refs/remotes/master [1ms]
[2022-06-21T07:35:28.080Z] > git remote --verbose [1ms]
[2022-06-21T07:35:28.080Z] > git for-each-ref --sort -committerdate --format %(refname) %(objectname) %(*objectname) [3ms]
[2022-06-21T07:35:28.106Z] > git config --get commit.template [1ms]
[2022-06-21T07:35:33.126Z] > git status -z -uall [12ms]
[2022-06-21T07:35:33.130Z] > git symbolic-ref --short HEAD [1ms]
[2022-06-21T07:35:33.135Z] > git for-each-ref --format=%(refname)%00%(upstream:short)%00%(objectname)%00%(upstream:track)%00%(upstream:remotename)%00%(upstream:remoteref) refs/heads/master refs/remotes/master [0ms]
[2022-06-21T07:35:33.143Z] > git remote --verbose [2ms]
[2022-06-21T07:35:33.144Z] > git for-each-ref --sort -committerdate --format %(refname) %(objectname) %(*objectname) [6ms]
[2022-06-21T07:35:33.194Z] > git config --get commit.template [1ms]
[2022-06-21T07:35:38.213Z] > git status -z -uall [9ms]
[2022-06-21T07:35:38.217Z] > git symbolic-ref --short HEAD [0ms]
[2022-06-21T07:35:38.222Z] > git for-each-ref --format=%(refname)%00%(upstream:short)%00%(objectname)%00%(upstream:track)%00%(upstream:remotename)%00%(upstream:remoteref) refs/heads/master refs/remotes/master [1ms]
[2022-06-21T07:35:38.229Z] > git remote --verbose [1ms]
[2022-06-21T07:35:38.229Z] > git for-each-ref --sort -committerdate --format %(refname) %(objectname) %(*objectname) [4ms]
[2022-06-21T07:35:38.255Z] > git config --get commit.template [1ms]
[2022-06-21T07:35:52.638Z] > git status -z -uall [19ms]
[2022-06-21T07:35:52.646Z] > git symbolic-ref --short HEAD [1ms]
[2022-06-21T07:35:52.651Z] > git for-each-ref --format=%(refname)%00%(upstream:short)%00%(objectname)%00%(upstream:track)%00%(upstream:remotename)%00%(upstream:remoteref) refs/heads/master refs/remotes/master [1ms]
[2022-06-21T07:35:52.662Z] > git remote --verbose [3ms]
[2022-06-21T07:35:52.662Z] > git for-each-ref --sort -committerdate --format %(refname) %(objectname) %(*objectname) [7ms]
[2022-06-21T07:35:52.710Z] > git config --get commit.template [2ms]
